# Logfile created on 2014-05-30 09:11:24 -0500 by logger.rb/41954
I, [2014-05-30T09:11:24.999278 #37439]  INFO -- : 0:  rake (10.2.1) from /usr/local/rvm/gems/ruby-2.0.0-p353/specifications/rake-10.2.1.gemspec
I, [2014-05-30T09:11:24.999665 #37439]  INFO -- : 0:  i18n (0.6.9) from /usr/local/rvm/gems/ruby-2.0.0-p353/specifications/i18n-0.6.9.gemspec
I, [2014-05-30T09:11:25.064740 #37439]  INFO -- : 0:  minitest (4.7.5) from /usr/local/rvm/gems/ruby-2.0.0-p353/specifications/minitest-4.7.5.gemspec
I, [2014-05-30T09:11:25.524980 #37439]  INFO -- : 0:  multi_json (1.9.2) from /usr/local/rvm/gems/ruby-2.0.0-p353/specifications/multi_json-1.9.2.gemspec
I, [2014-05-30T09:11:27.148152 #37439]  INFO -- : 0:  atomic (1.1.16) from /usr/local/rvm/gems/ruby-2.0.0-p353/specifications/atomic-1.1.16.gemspec
I, [2014-05-30T09:11:27.839528 #37439]  INFO -- : 0:  thread_safe (0.3.1) from /usr/local/rvm/gems/ruby-2.0.0-p353/specifications/thread_safe-0.3.1.gemspec
I, [2014-05-30T09:11:28.782886 #37439]  INFO -- : 0:  tzinfo (0.3.39) from /usr/local/rvm/gems/ruby-2.0.0-p353/specifications/tzinfo-0.3.39.gemspec
I, [2014-05-30T09:11:29.564187 #37439]  INFO -- : 0:  activesupport (4.0.4) from /usr/local/rvm/gems/ruby-2.0.0-p353/specifications/activesupport-4.0.4.gemspec
I, [2014-05-30T09:11:29.564781 #37439]  INFO -- : 0:  builder (3.1.4) from /usr/local/rvm/gems/ruby-2.0.0-p353/specifications/builder-3.1.4.gemspec
I, [2014-05-30T09:11:30.032215 #37439]  INFO -- : 0:  activemodel (4.0.4) from /usr/local/rvm/gems/ruby-2.0.0-p353/specifications/activemodel-4.0.4.gemspec
I, [2014-05-30T09:11:30.032556 #37439]  INFO -- : 0:  activerecord-deprecated_finders (1.0.3) from /usr/local/rvm/gems/ruby-2.0.0-p353/specifications/activerecord-deprecated_finders-1.0.3.gemspec
I, [2014-05-30T09:11:30.610402 #37439]  INFO -- : 0:  arel (4.0.2) from /usr/local/rvm/gems/ruby-2.0.0-p353/specifications/arel-4.0.2.gemspec
I, [2014-05-30T09:11:31.365830 #37439]  INFO -- : 0:  activerecord (4.0.4) from /usr/local/rvm/gems/ruby-2.0.0-p353/specifications/activerecord-4.0.4.gemspec
I, [2014-05-30T09:11:31.366349 #37439]  INFO -- : 0:  backports (3.6.0) from /usr/local/rvm/gems/ruby-2.0.0-p353/specifications/backports-3.6.0.gemspec
I, [2014-05-30T09:11:31.366629 #37439]  INFO -- : 0:  bcrypt (3.1.7) from /usr/local/rvm/gems/ruby-2.0.0-p353/specifications/bcrypt-3.1.7.gemspec
I, [2014-05-30T09:11:31.366896 #37439]  INFO -- : 0:  daemons (1.1.9) from /usr/local/rvm/gems/ruby-2.0.0-p353/specifications/daemons-1.1.9.gemspec
I, [2014-05-30T09:11:31.367165 #37439]  INFO -- : 0:  diff-lcs (1.2.5) from /usr/local/rvm/gems/ruby-2.0.0-p353/specifications/diff-lcs-1.2.5.gemspec
I, [2014-05-30T09:11:31.367434 #37439]  INFO -- : 0:  eventmachine (1.0.3) from /usr/local/rvm/gems/ruby-2.0.0-p353/specifications/eventmachine-1.0.3.gemspec
I, [2014-05-30T09:11:31.367709 #37439]  INFO -- : 0:  faker (1.3.0) from /usr/local/rvm/gems/ruby-2.0.0-p353/specifications/faker-1.3.0.gemspec
I, [2014-05-30T09:11:31.367971 #37439]  INFO -- : 0:  pg (0.17.1) from /usr/local/rvm/gems/ruby-2.0.0-p353/specifications/pg-0.17.1.gemspec
I, [2014-05-30T09:11:31.368243 #37439]  INFO -- : 0:  rack (1.5.2) from /usr/local/rvm/gems/ruby-2.0.0-p353/specifications/rack-1.5.2.gemspec
I, [2014-05-30T09:11:32.099388 #37439]  INFO -- : 0:  rack-protection (1.5.2) from /usr/local/rvm/gems/ruby-2.0.0-p353/specifications/rack-protection-1.5.2.gemspec
I, [2014-05-30T09:11:32.099724 #37439]  INFO -- : 0:  rack-test (0.6.2) from /usr/local/rvm/gems/ruby-2.0.0-p353/specifications/rack-test-0.6.2.gemspec
I, [2014-05-30T09:11:32.099999 #37439]  INFO -- : 0:  rspec-core (2.14.8) from /usr/local/rvm/gems/ruby-2.0.0-p353/specifications/rspec-core-2.14.8.gemspec
I, [2014-05-30T09:11:32.100260 #37439]  INFO -- : 0:  rspec-expectations (2.14.5) from /usr/local/rvm/gems/ruby-2.0.0-p353/specifications/rspec-expectations-2.14.5.gemspec
I, [2014-05-30T09:11:32.100505 #37439]  INFO -- : 0:  rspec-mocks (2.14.6) from /usr/local/rvm/gems/ruby-2.0.0-p353/specifications/rspec-mocks-2.14.6.gemspec
I, [2014-05-30T09:11:32.100735 #37439]  INFO -- : 0:  rspec (2.14.1) from /usr/local/rvm/gems/ruby-2.0.0-p353/specifications/rspec-2.14.1.gemspec
I, [2014-05-30T09:11:32.100984 #37439]  INFO -- : 0:  shotgun (0.9) from /usr/local/rvm/gems/ruby-2.0.0-p353/specifications/shotgun-0.9.gemspec
I, [2014-05-30T09:11:32.101218 #37439]  INFO -- : 0:  tilt (1.4.1) from /usr/local/rvm/gems/ruby-2.0.0-p353/specifications/tilt-1.4.1.gemspec
I, [2014-05-30T09:11:32.862286 #37439]  INFO -- : 0:  sinatra (1.4.4) from /usr/local/rvm/gems/ruby-2.0.0-p353/specifications/sinatra-1.4.4.gemspec
I, [2014-05-30T09:11:32.862713 #37439]  INFO -- : 0:  sinatra-contrib (1.4.2) from /usr/local/rvm/gems/ruby-2.0.0-p353/specifications/sinatra-contrib-1.4.2.gemspec
I, [2014-05-30T09:11:32.863006 #37439]  INFO -- : 0:  thin (1.6.2) from /usr/local/rvm/gems/ruby-2.0.0-p353/specifications/thin-1.6.2.gemspec
I, [2014-05-30T09:11:32.863319 #37439]  INFO -- : 0:  bundler (1.5.1) from /usr/local/rvm/gems/ruby-2.0.0-p353@global/specifications/bundler-1.5.1.gemspec
